# JRE version: OpenJDK Runtime Environment (21.0.9) (build 21.0.9+-14649483-b1163.86)
# Java VM: OpenJDK 64-Bit Server VM (21.0.9+-14649483-b1163.86, mixed mode, tiered, compressed oops, compressed class ptrs, g1 gc, windows-amd64)
GC Precious Log:
 CardTable entry size: 512
 Card Set container configuration: InlinePtr #cards 5 size 8 Array Of Cards #cards 12 size 40 Howl #buckets 4 coarsen threshold 1843 Howl Bitmap #cards 512 size 80 coarsen threshold 460 Card regions per heap region 1 cards per card region 2048
 CPUs: 16 total, 16 available
 Memory: 16087M
 Large Page Support: Disabled
 NUMA Support: Disabled
 Compressed Oops: Enabled (32-bit)
 Heap Region Size: 1M
 Heap Min Capacity: 8M
 Heap Initial Capacity: 252M
 Heap Max Capacity: 2G
 Pre-touch: Disabled
 Parallel Workers: 13
 Concurrent Workers: 3
 Concurrent Refinement Workers: 13
 Periodic GC: Disabled
Heap:
 garbage-first heap   total 363520K, used 271124K [0x0000000080000000, 0x0000000100000000)
  region size 1024K, 131 young (134144K), 8 survivors (8192K)
 Metaspace       used 165890K, committed 168512K, reserved 1245184K
  class space    used 23953K, committed 25216K, reserved 1048576K
GC Heap History (20 events):
Event: 10.342 GC heap before
{Heap before GC invocations=51 (full 0):
 garbage-first heap   total 240640K, used 225088K [0x0000000080000000, 0x0000000100000000)
  region size 1024K, 103 young (105472K), 8 survivors (8192K)
 Metaspace       used 129121K, committed 131648K, reserved 1179648K
  class space    used 18096K, committed 19328K, reserved 1048576K
}
Event: 10.346 GC heap after
{Heap after GC invocations=52 (full 0):
 garbage-first heap   total 240640K, used 126686K [0x0000000080000000, 0x0000000100000000)
  region size 1024K, 3 young (3072K), 3 survivors (3072K)
 Metaspace       used 129121K, committed 131648K, reserved 1179648K
  class space    used 18096K, committed 19328K, reserved 1048576K
}
Event: 10.399 GC heap before
{Heap before GC invocations=52 (full 0):
 garbage-first heap   total 240640K, used 226014K [0x0000000080000000, 0x0000000100000000)
  region size 1024K, 101 young (103424K), 3 survivors (3072K)
 Metaspace       used 129133K, committed 131648K, reserved 1179648K
  class space    used 18096K, committed 19328K, reserved 1048576K
}
Event: 10.401 GC heap after
{Heap after GC invocations=53 (full 0):
 garbage-first heap   total 240640K, used 126903K [0x0000000080000000, 0x0000000100000000)
  region size 1024K, 4 young (4096K), 4 survivors (4096K)
 Metaspace       used 129133K, committed 131648K, reserved 1179648K
  class space    used 18096K, committed 19328K, reserved 1048576K
}
Event: 11.001 GC heap before
{Heap before GC invocations=54 (full 0):
 garbage-first heap   total 240640K, used 238519K [0x0000000080000000, 0x0000000100000000)
  region size 1024K, 96 young (98304K), 4 survivors (4096K)
 Metaspace       used 130242K, committed 132736K, reserved 1179648K
  class space    used 18178K, committed 19392K, reserved 1048576K
}
Event: 11.005 GC heap after
{Heap after GC invocations=55 (full 0):
 garbage-first heap   total 245760K, used 128642K [0x0000000080000000, 0x0000000100000000)
  region size 1024K, 5 young (5120K), 5 survivors (5120K)
 Metaspace       used 130242K, committed 132736K, reserved 1179648K
  class space    used 18178K, committed 19392K, reserved 1048576K
}
Event: 11.076 GC heap before
{Heap before GC invocations=55 (full 0):
 garbage-first heap   total 245760K, used 232066K [0x0000000080000000, 0x0000000100000000)
  region size 1024K, 107 young (109568K), 5 survivors (5120K)
 Metaspace       used 131009K, committed 133504K, reserved 1179648K
  class space    used 18241K, committed 19456K, reserved 1048576K
}
Event: 11.079 GC heap after
{Heap after GC invocations=56 (full 0):
 garbage-first heap   total 245760K, used 129013K [0x0000000080000000, 0x0000000100000000)
  region size 1024K, 6 young (6144K), 6 survivors (6144K)
 Metaspace       used 131009K, committed 133504K, reserved 1179648K
  class space    used 18241K, committed 19456K, reserved 1048576K
}
Event: 11.436 GC heap before
{Heap before GC invocations=56 (full 0):
 garbage-first heap   total 245760K, used 231413K [0x0000000080000000, 0x0000000100000000)
  region size 1024K, 107 young (109568K), 6 survivors (6144K)
 Metaspace       used 134169K, committed 136576K, reserved 1179648K
  class space    used 18630K, committed 19776K, reserved 1048576K
}
Event: 11.440 GC heap after
{Heap after GC invocations=57 (full 0):
 garbage-first heap   total 321536K, used 133592K [0x0000000080000000, 0x0000000100000000)
  region size 1024K, 11 young (11264K), 11 survivors (11264K)
 Metaspace       used 134169K, committed 136576K, reserved 1179648K
  class space    used 18630K, committed 19776K, reserved 1048576K
}
Event: 11.727 GC heap before
{Heap before GC invocations=58 (full 0):
 garbage-first heap   total 321536K, used 300504K [0x0000000080000000, 0x0000000100000000)
  region size 1024K, 175 young (179200K), 11 survivors (11264K)
 Metaspace       used 135240K, committed 137792K, reserved 1179648K
  class space    used 18740K, committed 19968K, reserved 1048576K
}
Event: 11.731 GC heap after
{Heap after GC invocations=59 (full 0):
 garbage-first heap   total 321536K, used 134969K [0x0000000080000000, 0x0000000100000000)
  region size 1024K, 12 young (12288K), 12 survivors (12288K)
 Metaspace       used 135240K, committed 137792K, reserved 1179648K
  class space    used 18740K, committed 19968K, reserved 1048576K
}
Event: 12.449 GC heap before
{Heap before GC invocations=59 (full 0):
 garbage-first heap   total 321536K, used 301881K [0x0000000080000000, 0x0000000100000000)
  region size 1024K, 176 young (180224K), 12 survivors (12288K)
 Metaspace       used 135919K, committed 138432K, reserved 1179648K
  class space    used 18769K, committed 19968K, reserved 1048576K
}
Event: 12.454 GC heap after
{Heap after GC invocations=60 (full 0):
 garbage-first heap   total 321536K, used 135858K [0x0000000080000000, 0x0000000100000000)
  region size 1024K, 13 young (13312K), 13 survivors (13312K)
 Metaspace       used 135919K, committed 138432K, reserved 1179648K
  class space    used 18769K, committed 19968K, reserved 1048576K
}
Event: 13.577 GC heap before
{Heap before GC invocations=60 (full 0):
 garbage-first heap   total 321536K, used 209586K [0x0000000080000000, 0x0000000100000000)
  region size 1024K, 87 young (89088K), 13 survivors (13312K)
 Metaspace       used 136513K, committed 139008K, reserved 1179648K
  class space    used 18822K, committed 20032K, reserved 1048576K
}
Event: 13.581 GC heap after
{Heap after GC invocations=61 (full 0):
 garbage-first heap   total 321536K, used 138066K [0x0000000080000000, 0x0000000100000000)
  region size 1024K, 14 young (14336K), 14 survivors (14336K)
 Metaspace       used 136513K, committed 139008K, reserved 1179648K
  class space    used 18822K, committed 20032K, reserved 1048576K
}
Event: 14.373 GC heap before
{Heap before GC invocations=62 (full 0):
 garbage-first heap   total 321536K, used 303954K [0x0000000080000000, 0x0000000100000000)
  region size 1024K, 175 young (179200K), 14 survivors (14336K)
 Metaspace       used 154734K, committed 157312K, reserved 1245184K
  class space    used 22218K, committed 23424K, reserved 1048576K
}
Event: 14.381 GC heap after
{Heap after GC invocations=63 (full 0):
 garbage-first heap   total 330752K, used 149428K [0x0000000080000000, 0x0000000100000000)
  region size 1024K, 22 young (22528K), 22 survivors (22528K)
 Metaspace       used 154734K, committed 157312K, reserved 1245184K
  class space    used 22218K, committed 23424K, reserved 1048576K
}
Event: 15.306 GC heap before
{Heap before GC invocations=63 (full 0):
 garbage-first heap   total 343040K, used 341940K [0x0000000080000000, 0x0000000100000000)
  region size 1024K, 173 young (177152K), 22 survivors (22528K)
 Metaspace       used 164635K, committed 167168K, reserved 1245184K
  class space    used 23822K, committed 25024K, reserved 1048576K
}
Event: 15.313 GC heap after
{Heap after GC invocations=64 (full 0):
 garbage-first heap   total 363520K, used 146196K [0x0000000080000000, 0x0000000100000000)
  region size 1024K, 8 young (8192K), 8 survivors (8192K)
 Metaspace       used 164635K, committed 167168K, reserved 1245184K
  class space    used 23822K, committed 25024K, reserved 1048576K
}

